{"/Users/nicholas_field/Documents/Web Development/mysite/src/dbrequests/posts.js":{"path":"/Users/nicholas_field/Documents/Web Development/mysite/src/dbrequests/posts.js","s":{"1":1,"2":1,"3":1,"4":1,"5":1,"6":12,"7":12,"8":1,"9":4,"10":4,"11":1,"12":2,"13":2,"14":1},"b":{"1":[0,12],"2":[0,4],"3":[0,2]},"f":{},"fnMap":{},"statementMap":{"1":{"start":{"line":1,"column":0},"end":{"line":1,"column":45}},"2":{"start":{"line":3,"column":0},"end":{"line":24,"column":29}},"3":{"start":{"line":26,"column":0},"end":{"line":27,"column":135}},"4":{"start":{"line":29,"column":0},"end":{"line":30,"column":142}},"5":{"start":{"line":32,"column":0},"end":{"line":36,"column":2}},"6":{"start":{"line":33,"column":2},"end":{"line":35,"column":5}},"7":{"start":{"line":34,"column":4},"end":{"line":34,"column":45}},"8":{"start":{"line":37,"column":0},"end":{"line":41,"column":2}},"9":{"start":{"line":38,"column":2},"end":{"line":40,"column":5}},"10":{"start":{"line":39,"column":4},"end":{"line":39,"column":42}},"11":{"start":{"line":42,"column":0},"end":{"line":46,"column":2}},"12":{"start":{"line":43,"column":2},"end":{"line":45,"column":5}},"13":{"start":{"line":44,"column":4},"end":{"line":44,"column":42}},"14":{"start":{"line":48,"column":0},"end":{"line":52,"column":2}}},"branchMap":{"1":{"line":34,"type":"cond-expr","locations":[{"start":{"line":34,"column":11},"end":{"line":34,"column":18}},{"start":{"line":34,"column":21},"end":{"line":34,"column":43}}]},"2":{"line":39,"type":"cond-expr","locations":[{"start":{"line":39,"column":11},"end":{"line":39,"column":18}},{"start":{"line":39,"column":21},"end":{"line":39,"column":40}}]},"3":{"line":44,"type":"cond-expr","locations":[{"start":{"line":44,"column":11},"end":{"line":44,"column":18}},{"start":{"line":44,"column":21},"end":{"line":44,"column":40}}]}}},"/Users/nicholas_field/Documents/Web Development/mysite/src/dbconnection.js":{"path":"/Users/nicholas_field/Documents/Web Development/mysite/src/dbconnection.js","s":{"1":1,"2":1,"3":1,"4":1,"5":1,"6":0,"7":1,"8":1,"9":1,"10":1,"11":1,"12":1,"13":1,"14":1,"15":1},"b":{"1":[0,1],"2":[1,0],"3":[1,0],"4":[1,0]},"f":{},"fnMap":{},"statementMap":{"1":{"start":{"line":1,"column":0},"end":{"line":1,"column":29}},"2":{"start":{"line":2,"column":0},"end":{"line":2,"column":27}},"3":{"start":{"line":3,"column":0},"end":{"line":3,"column":28}},"4":{"start":{"line":5,"column":0},"end":{"line":5,"column":20}},"5":{"start":{"line":7,"column":0},"end":{"line":9,"column":1}},"6":{"start":{"line":8,"column":2},"end":{"line":8,"column":61}},"7":{"start":{"line":11,"column":0},"end":{"line":11,"column":45}},"8":{"start":{"line":12,"column":0},"end":{"line":12,"column":52}},"9":{"start":{"line":14,"column":0},"end":{"line":20,"column":2}},"10":{"start":{"line":22,"column":0},"end":{"line":22,"column":42}},"11":{"start":{"line":22,"column":16},"end":{"line":22,"column":40}},"12":{"start":{"line":23,"column":0},"end":{"line":23,"column":46}},"13":{"start":{"line":23,"column":16},"end":{"line":23,"column":44}},"14":{"start":{"line":24,"column":0},"end":{"line":24,"column":45}},"15":{"start":{"line":26,"column":0},"end":{"line":26,"column":35}}},"branchMap":{"1":{"line":7,"type":"if","locations":[{"start":{"line":7,"column":0},"end":{"line":7,"column":0}},{"start":{"line":7,"column":0},"end":{"line":7,"column":0}}]},"2":{"line":18,"type":"binary-expr","locations":[{"start":{"line":18,"column":7},"end":{"line":18,"column":37}},{"start":{"line":18,"column":41},"end":{"line":18,"column":42}}]},"3":{"line":22,"type":"if","locations":[{"start":{"line":22,"column":0},"end":{"line":22,"column":0}},{"start":{"line":22,"column":0},"end":{"line":22,"column":0}}]},"4":{"line":23,"type":"if","locations":[{"start":{"line":23,"column":0},"end":{"line":23,"column":0}},{"start":{"line":23,"column":0},"end":{"line":23,"column":0}}]}}},"/Users/nicholas_field/Documents/Web Development/mysite/src/dbrequests/createpost.js":{"path":"/Users/nicholas_field/Documents/Web Development/mysite/src/dbrequests/createpost.js","s":{"1":1,"2":1,"3":1,"4":1,"5":2,"6":2,"7":2,"8":1},"b":{"1":[0,2],"2":[0,2]},"f":{},"fnMap":{},"statementMap":{"1":{"start":{"line":1,"column":0},"end":{"line":1,"column":45}},"2":{"start":{"line":3,"column":0},"end":{"line":12,"column":90}},"3":{"start":{"line":14,"column":0},"end":{"line":15,"column":35}},"4":{"start":{"line":17,"column":0},"end":{"line":23,"column":2}},"5":{"start":{"line":18,"column":2},"end":{"line":22,"column":5}},"6":{"start":{"line":19,"column":4},"end":{"line":21,"column":7}},"7":{"start":{"line":20,"column":6},"end":{"line":20,"column":33}},"8":{"start":{"line":25,"column":0},"end":{"line":25,"column":23}}},"branchMap":{"1":{"line":19,"type":"cond-expr","locations":[{"start":{"line":19,"column":12},"end":{"line":19,"column":19}},{"start":{"line":19,"column":22},"end":{"line":21,"column":6}}]},"2":{"line":20,"type":"cond-expr","locations":[{"start":{"line":20,"column":14},"end":{"line":20,"column":21}},{"start":{"line":20,"column":24},"end":{"line":20,"column":32}}]}}},"/Users/nicholas_field/Documents/Web Development/mysite/src/dbrequests/delete.js":{"path":"/Users/nicholas_field/Documents/Web Development/mysite/src/dbrequests/delete.js","s":{"1":1,"2":1,"3":1,"4":1,"5":1,"6":1,"7":1,"8":1},"b":{"1":[0,1],"2":[0,1]},"f":{},"fnMap":{},"statementMap":{"1":{"start":{"line":1,"column":0},"end":{"line":1,"column":45}},"2":{"start":{"line":3,"column":0},"end":{"line":7,"column":2}},"3":{"start":{"line":4,"column":2},"end":{"line":6,"column":5}},"4":{"start":{"line":5,"column":4},"end":{"line":5,"column":31}},"5":{"start":{"line":9,"column":0},"end":{"line":13,"column":2}},"6":{"start":{"line":10,"column":2},"end":{"line":12,"column":5}},"7":{"start":{"line":11,"column":4},"end":{"line":11,"column":31}},"8":{"start":{"line":15,"column":0},"end":{"line":18,"column":2}}},"branchMap":{"1":{"line":5,"type":"cond-expr","locations":[{"start":{"line":5,"column":11},"end":{"line":5,"column":18}},{"start":{"line":5,"column":21},"end":{"line":5,"column":29}}]},"2":{"line":11,"type":"cond-expr","locations":[{"start":{"line":11,"column":11},"end":{"line":11,"column":18}},{"start":{"line":11,"column":21},"end":{"line":11,"column":29}}]}}},"/Users/nicholas_field/Documents/Web Development/mysite/src/dbrequests/getcategories.js":{"path":"/Users/nicholas_field/Documents/Web Development/mysite/src/dbrequests/getcategories.js","s":{"1":1,"2":1,"3":2,"4":2,"5":16,"6":16},"b":{"1":[0,2]},"f":{},"fnMap":{},"statementMap":{"1":{"start":{"line":1,"column":0},"end":{"line":1,"column":45}},"2":{"start":{"line":3,"column":0},"end":{"line":11,"column":2}},"3":{"start":{"line":4,"column":2},"end":{"line":10,"column":5}},"4":{"start":{"line":5,"column":4},"end":{"line":9,"column":5}},"5":{"start":{"line":6,"column":6},"end":{"line":6,"column":29}},"6":{"start":{"line":7,"column":6},"end":{"line":7,"column":15}}},"branchMap":{"1":{"line":5,"type":"cond-expr","locations":[{"start":{"line":5,"column":11},"end":{"line":5,"column":18}},{"start":{"line":5,"column":21},"end":{"line":9,"column":3}}]}}},"/Users/nicholas_field/Documents/Web Development/mysite/src/dbrequests/getuser.js":{"path":"/Users/nicholas_field/Documents/Web Development/mysite/src/dbrequests/getuser.js","s":{"1":1,"2":1,"3":3,"4":3},"b":{"1":[0,3]},"f":{},"fnMap":{},"statementMap":{"1":{"start":{"line":1,"column":0},"end":{"line":1,"column":45}},"2":{"start":{"line":3,"column":0},"end":{"line":7,"column":2}},"3":{"start":{"line":4,"column":2},"end":{"line":6,"column":5}},"4":{"start":{"line":5,"column":4},"end":{"line":5,"column":45}}},"branchMap":{"1":{"line":5,"type":"cond-expr","locations":[{"start":{"line":5,"column":11},"end":{"line":5,"column":18}},{"start":{"line":5,"column":21},"end":{"line":5,"column":43}}]}}},"/Users/nicholas_field/Documents/Web Development/mysite/src/dbrequests/images.js":{"path":"/Users/nicholas_field/Documents/Web Development/mysite/src/dbrequests/images.js","s":{"1":1,"2":1,"3":4,"4":4,"5":4,"6":1,"7":3,"8":3,"9":1,"10":1,"11":1,"12":1,"13":1,"14":1,"15":1,"16":1,"17":1,"18":1,"19":1},"b":{"1":[0,4],"2":[0,3],"3":[0,1],"4":[0,1],"5":[0,1]},"f":{},"fnMap":{},"statementMap":{"1":{"start":{"line":1,"column":0},"end":{"line":1,"column":45}},"2":{"start":{"line":4,"column":0},"end":{"line":13,"column":2}},"3":{"start":{"line":5,"column":2},"end":{"line":9,"column":35}},"4":{"start":{"line":10,"column":2},"end":{"line":12,"column":5}},"5":{"start":{"line":11,"column":4},"end":{"line":11,"column":45}},"6":{"start":{"line":16,"column":0},"end":{"line":20,"column":2}},"7":{"start":{"line":17,"column":2},"end":{"line":19,"column":5}},"8":{"start":{"line":18,"column":4},"end":{"line":18,"column":42}},"9":{"start":{"line":23,"column":0},"end":{"line":28,"column":2}},"10":{"start":{"line":24,"column":2},"end":{"line":24,"column":82}},"11":{"start":{"line":25,"column":2},"end":{"line":27,"column":5}},"12":{"start":{"line":26,"column":4},"end":{"line":26,"column":31}},"13":{"start":{"line":31,"column":0},"end":{"line":43,"column":2}},"14":{"start":{"line":32,"column":2},"end":{"line":33,"column":76}},"15":{"start":{"line":35,"column":2},"end":{"line":36,"column":39}},"16":{"start":{"line":38,"column":2},"end":{"line":42,"column":5}},"17":{"start":{"line":39,"column":4},"end":{"line":41,"column":7}},"18":{"start":{"line":40,"column":6},"end":{"line":40,"column":39}},"19":{"start":{"line":45,"column":0},"end":{"line":50,"column":2}}},"branchMap":{"1":{"line":11,"type":"cond-expr","locations":[{"start":{"line":11,"column":11},"end":{"line":11,"column":18}},{"start":{"line":11,"column":21},"end":{"line":11,"column":43}}]},"2":{"line":18,"type":"cond-expr","locations":[{"start":{"line":18,"column":11},"end":{"line":18,"column":18}},{"start":{"line":18,"column":21},"end":{"line":18,"column":40}}]},"3":{"line":26,"type":"cond-expr","locations":[{"start":{"line":26,"column":12},"end":{"line":26,"column":19}},{"start":{"line":26,"column":22},"end":{"line":26,"column":30}}]},"4":{"line":39,"type":"cond-expr","locations":[{"start":{"line":39,"column":12},"end":{"line":39,"column":19}},{"start":{"line":39,"column":22},"end":{"line":41,"column":6}}]},"5":{"line":40,"type":"cond-expr","locations":[{"start":{"line":40,"column":14},"end":{"line":40,"column":21}},{"start":{"line":40,"column":24},"end":{"line":40,"column":38}}]}}},"/Users/nicholas_field/Documents/Web Development/mysite/src/dbrequests/updatepost.js":{"path":"/Users/nicholas_field/Documents/Web Development/mysite/src/dbrequests/updatepost.js","s":{"1":1,"2":1,"3":1,"4":1,"5":1,"6":1,"7":1,"8":1},"b":{"1":[0,1],"2":[0,1]},"f":{},"fnMap":{},"statementMap":{"1":{"start":{"line":1,"column":0},"end":{"line":1,"column":45}},"2":{"start":{"line":3,"column":0},"end":{"line":9,"column":25}},"3":{"start":{"line":11,"column":0},"end":{"line":12,"column":67}},"4":{"start":{"line":14,"column":0},"end":{"line":20,"column":2}},"5":{"start":{"line":15,"column":2},"end":{"line":19,"column":5}},"6":{"start":{"line":16,"column":4},"end":{"line":18,"column":7}},"7":{"start":{"line":17,"column":6},"end":{"line":17,"column":39}},"8":{"start":{"line":22,"column":0},"end":{"line":22,"column":23}}},"branchMap":{"1":{"line":16,"type":"cond-expr","locations":[{"start":{"line":16,"column":12},"end":{"line":16,"column":19}},{"start":{"line":16,"column":22},"end":{"line":18,"column":6}}]},"2":{"line":17,"type":"cond-expr","locations":[{"start":{"line":17,"column":14},"end":{"line":17,"column":21}},{"start":{"line":17,"column":24},"end":{"line":17,"column":38}}]}}},"/Users/nicholas_field/Documents/Web Development/mysite/src/server.js":{"path":"/Users/nicholas_field/Documents/Web Development/mysite/src/server.js","s":{"1":1,"2":1,"3":1,"4":1,"5":1,"6":1,"7":1,"8":1,"9":1,"10":1,"11":1,"12":1,"13":1,"14":1,"15":1,"16":0,"17":1,"18":1,"19":1,"20":1,"21":0,"22":1,"23":1},"b":{"1":[1,1],"2":[0,1]},"f":{},"fnMap":{},"statementMap":{"1":{"start":{"line":1,"column":0},"end":{"line":1,"column":29}},"2":{"start":{"line":2,"column":0},"end":{"line":2,"column":47}},"3":{"start":{"line":3,"column":0},"end":{"line":3,"column":67}},"4":{"start":{"line":4,"column":0},"end":{"line":4,"column":33}},"5":{"start":{"line":5,"column":0},"end":{"line":5,"column":31}},"6":{"start":{"line":6,"column":0},"end":{"line":6,"column":36}},"7":{"start":{"line":7,"column":0},"end":{"line":7,"column":35}},"8":{"start":{"line":8,"column":0},"end":{"line":8,"column":33}},"9":{"start":{"line":9,"column":0},"end":{"line":9,"column":28}},"10":{"start":{"line":12,"column":0},"end":{"line":19,"column":2}},"11":{"start":{"line":22,"column":0},"end":{"line":22,"column":20}},"12":{"start":{"line":25,"column":0},"end":{"line":32,"column":2}},"13":{"start":{"line":40,"column":0},"end":{"line":47,"column":3}},"14":{"start":{"line":50,"column":0},"end":{"line":86,"column":3}},"15":{"start":{"line":51,"column":2},"end":{"line":51,"column":25}},"16":{"start":{"line":51,"column":13},"end":{"line":51,"column":23}},"17":{"start":{"line":54,"column":2},"end":{"line":64,"column":5}},"18":{"start":{"line":65,"column":2},"end":{"line":65,"column":53}},"19":{"start":{"line":67,"column":2},"end":{"line":75,"column":4}},"20":{"start":{"line":76,"column":2},"end":{"line":84,"column":4}},"21":{"start":{"line":81,"column":8},"end":{"line":81,"column":32}},"22":{"start":{"line":85,"column":2},"end":{"line":85,"column":51}},"23":{"start":{"line":88,"column":0},"end":{"line":88,"column":24}}},"branchMap":{"1":{"line":41,"type":"binary-expr","locations":[{"start":{"line":41,"column":8},"end":{"line":41,"column":24}},{"start":{"line":41,"column":28},"end":{"line":41,"column":32}}]},"2":{"line":51,"type":"if","locations":[{"start":{"line":51,"column":2},"end":{"line":51,"column":2}},{"start":{"line":51,"column":2},"end":{"line":51,"column":2}}]}}},"/Users/nicholas_field/Documents/Web Development/mysite/src/routes/index.js":{"path":"/Users/nicholas_field/Documents/Web Development/mysite/src/routes/index.js","s":{"1":1,"2":1,"3":1,"4":1,"5":1,"6":1,"7":1,"8":1,"9":1,"10":1,"11":1,"12":1},"b":{},"f":{},"fnMap":{},"statementMap":{"1":{"start":{"line":3,"column":0},"end":{"line":3,"column":38}},"2":{"start":{"line":4,"column":0},"end":{"line":4,"column":38}},"3":{"start":{"line":5,"column":0},"end":{"line":5,"column":48}},"4":{"start":{"line":9,"column":0},"end":{"line":9,"column":45}},"5":{"start":{"line":10,"column":0},"end":{"line":10,"column":40}},"6":{"start":{"line":11,"column":0},"end":{"line":11,"column":39}},"7":{"start":{"line":12,"column":0},"end":{"line":12,"column":43}},"8":{"start":{"line":13,"column":0},"end":{"line":13,"column":47}},"9":{"start":{"line":14,"column":0},"end":{"line":14,"column":41}},"10":{"start":{"line":15,"column":0},"end":{"line":15,"column":43}},"11":{"start":{"line":16,"column":0},"end":{"line":16,"column":43}},"12":{"start":{"line":18,"column":0},"end":{"line":30,"column":2}}},"branchMap":{}},"/Users/nicholas_field/Documents/Web Development/mysite/src/routes/public/home.js":{"path":"/Users/nicholas_field/Documents/Web Development/mysite/src/routes/public/home.js","s":{"1":1,"2":1,"3":1,"4":1,"5":4,"6":4,"7":4,"8":1,"9":4},"b":{"1":[0,4]},"f":{},"fnMap":{},"statementMap":{"1":{"start":{"line":1,"column":0},"end":{"line":1,"column":54}},"2":{"start":{"line":2,"column":0},"end":{"line":2,"column":67}},"3":{"start":{"line":3,"column":0},"end":{"line":3,"column":69}},"4":{"start":{"line":5,"column":0},"end":{"line":10,"column":2}},"5":{"start":{"line":6,"column":2},"end":{"line":9,"column":5}},"6":{"start":{"line":7,"column":4},"end":{"line":7,"column":53}},"7":{"start":{"line":8,"column":4},"end":{"line":8,"column":94}},"8":{"start":{"line":12,"column":0},"end":{"line":29,"column":2}},"9":{"start":{"line":26,"column":6},"end":{"line":26,"column":28}}},"branchMap":{"1":{"line":8,"type":"cond-expr","locations":[{"start":{"line":8,"column":12},"end":{"line":8,"column":22}},{"start":{"line":8,"column":25},"end":{"line":8,"column":93}}]}}},"/Users/nicholas_field/Documents/Web Development/mysite/src/helpers/credentialscheck.js":{"path":"/Users/nicholas_field/Documents/Web Development/mysite/src/helpers/credentialscheck.js","s":{"1":1,"2":25},"b":{"1":[12,13]},"f":{},"fnMap":{},"statementMap":{"1":{"start":{"line":1,"column":0},"end":{"line":3,"column":2}},"2":{"start":{"line":2,"column":2},"end":{"line":2,"column":62}}},"branchMap":{"1":{"line":2,"type":"cond-expr","locations":[{"start":{"line":2,"column":36},"end":{"line":2,"column":56}},{"start":{"line":2,"column":59},"end":{"line":2,"column":61}}]}}},"/Users/nicholas_field/Documents/Web Development/mysite/src/helpers/markdowntransform.js":{"path":"/Users/nicholas_field/Documents/Web Development/mysite/src/helpers/markdowntransform.js","s":{"1":1,"2":1,"3":1,"4":1,"5":58,"6":58,"7":30,"8":30,"9":58,"10":30,"11":58,"12":1,"13":1,"14":1,"15":25,"16":25,"17":1,"18":4,"19":4,"20":4,"21":4,"22":1,"23":2,"24":1,"25":4,"26":1,"27":17,"28":17,"29":1,"30":12,"31":12,"32":12,"33":1,"34":44,"35":1,"36":2,"37":1,"38":8,"39":1,"40":24,"41":24,"42":24,"43":24,"44":1,"45":2,"46":1,"47":0,"48":0,"49":1,"50":10},"b":{"1":[30,28],"2":[30,28],"3":[4,4],"4":[4,0],"5":[4,8],"6":[6,18],"7":[24,8],"8":[6,18]},"f":{},"fnMap":{},"statementMap":{"1":{"start":{"line":1,"column":0},"end":{"line":1,"column":33}},"2":{"start":{"line":2,"column":0},"end":{"line":2,"column":39}},"3":{"start":{"line":3,"column":0},"end":{"line":3,"column":44}},"4":{"start":{"line":6,"column":0},"end":{"line":11,"column":2}},"5":{"start":{"line":7,"column":2},"end":{"line":7,"column":34}},"6":{"start":{"line":8,"column":2},"end":{"line":8,"column":63}},"7":{"start":{"line":8,"column":12},"end":{"line":8,"column":63}},"8":{"start":{"line":8,"column":32},"end":{"line":8,"column":59}},"9":{"start":{"line":9,"column":2},"end":{"line":9,"column":95}},"10":{"start":{"line":9,"column":43},"end":{"line":9,"column":76}},"11":{"start":{"line":10,"column":2},"end":{"line":10,"column":43}},"12":{"start":{"line":14,"column":0},"end":{"line":16,"column":3}},"13":{"start":{"line":19,"column":0},"end":{"line":28,"column":3}},"14":{"start":{"line":31,"column":0},"end":{"line":34,"column":2}},"15":{"start":{"line":32,"column":2},"end":{"line":32,"column":39}},"16":{"start":{"line":33,"column":2},"end":{"line":33,"column":61}},"17":{"start":{"line":37,"column":0},"end":{"line":45,"column":2}},"18":{"start":{"line":39,"column":2},"end":{"line":39,"column":70}},"19":{"start":{"line":41,"column":2},"end":{"line":41,"column":85}},"20":{"start":{"line":43,"column":2},"end":{"line":43,"column":49}},"21":{"start":{"line":44,"column":2},"end":{"line":44,"column":107}},"22":{"start":{"line":48,"column":0},"end":{"line":50,"column":2}},"23":{"start":{"line":49,"column":2},"end":{"line":49,"column":53}},"24":{"start":{"line":53,"column":0},"end":{"line":55,"column":2}},"25":{"start":{"line":54,"column":2},"end":{"line":54,"column":51}},"26":{"start":{"line":58,"column":0},"end":{"line":61,"column":2}},"27":{"start":{"line":59,"column":2},"end":{"line":59,"column":47}},"28":{"start":{"line":60,"column":2},"end":{"line":60,"column":85}},"29":{"start":{"line":64,"column":0},"end":{"line":68,"column":2}},"30":{"start":{"line":65,"column":2},"end":{"line":65,"column":39}},"31":{"start":{"line":66,"column":2},"end":{"line":66,"column":44}},"32":{"start":{"line":67,"column":2},"end":{"line":67,"column":91}},"33":{"start":{"line":70,"column":0},"end":{"line":72,"column":2}},"34":{"start":{"line":71,"column":2},"end":{"line":71,"column":39}},"35":{"start":{"line":75,"column":0},"end":{"line":80,"column":2}},"36":{"start":{"line":76,"column":2},"end":{"line":79,"column":14}},"37":{"start":{"line":83,"column":0},"end":{"line":85,"column":2}},"38":{"start":{"line":84,"column":2},"end":{"line":84,"column":44}},"39":{"start":{"line":88,"column":0},"end":{"line":93,"column":2}},"40":{"start":{"line":89,"column":2},"end":{"line":89,"column":42}},"41":{"start":{"line":90,"column":2},"end":{"line":90,"column":38}},"42":{"start":{"line":91,"column":2},"end":{"line":91,"column":65}},"43":{"start":{"line":92,"column":2},"end":{"line":92,"column":75}},"44":{"start":{"line":96,"column":0},"end":{"line":98,"column":2}},"45":{"start":{"line":97,"column":2},"end":{"line":97,"column":57}},"46":{"start":{"line":101,"column":0},"end":{"line":104,"column":2}},"47":{"start":{"line":102,"column":2},"end":{"line":102,"column":41}},"48":{"start":{"line":103,"column":2},"end":{"line":103,"column":105}},"49":{"start":{"line":106,"column":0},"end":{"line":106,"column":62}},"50":{"start":{"line":106,"column":27},"end":{"line":106,"column":61}}},"branchMap":{"1":{"line":8,"type":"if","locations":[{"start":{"line":8,"column":2},"end":{"line":8,"column":2}},{"start":{"line":8,"column":2},"end":{"line":8,"column":2}}]},"2":{"line":9,"type":"cond-expr","locations":[{"start":{"line":9,"column":26},"end":{"line":9,"column":89}},{"start":{"line":9,"column":92},"end":{"line":9,"column":94}}]},"3":{"line":39,"type":"binary-expr","locations":[{"start":{"line":39,"column":23},"end":{"line":39,"column":31}},{"start":{"line":39,"column":35},"end":{"line":39,"column":68}}]},"4":{"line":41,"type":"cond-expr","locations":[{"start":{"line":41,"column":34},"end":{"line":41,"column":77}},{"start":{"line":41,"column":80},"end":{"line":41,"column":84}}]},"5":{"line":65,"type":"cond-expr","locations":[{"start":{"line":65,"column":27},"end":{"line":65,"column":31}},{"start":{"line":65,"column":34},"end":{"line":65,"column":38}}]},"6":{"line":89,"type":"cond-expr","locations":[{"start":{"line":89,"column":30},"end":{"line":89,"column":34}},{"start":{"line":89,"column":37},"end":{"line":89,"column":41}}]},"7":{"line":90,"type":"binary-expr","locations":[{"start":{"line":90,"column":16},"end":{"line":90,"column":27}},{"start":{"line":90,"column":31},"end":{"line":90,"column":37}}]},"8":{"line":91,"type":"cond-expr","locations":[{"start":{"line":91,"column":38},"end":{"line":91,"column":40}},{"start":{"line":91,"column":43},"end":{"line":91,"column":64}}]}}},"/Users/nicholas_field/Documents/Web Development/mysite/src/routes/public/blog.js":{"path":"/Users/nicholas_field/Documents/Web Development/mysite/src/routes/public/blog.js","s":{"1":1,"2":1,"3":1,"4":1,"5":1,"6":6,"7":6,"8":6,"9":6,"10":1,"11":2,"12":2,"13":1,"14":8,"15":6,"16":2},"b":{"1":[5,1],"2":[1,5],"3":[0,2],"4":[6,2]},"f":{},"fnMap":{},"statementMap":{"1":{"start":{"line":1,"column":0},"end":{"line":1,"column":67}},"2":{"start":{"line":2,"column":0},"end":{"line":2,"column":67}},"3":{"start":{"line":3,"column":0},"end":{"line":3,"column":69}},"4":{"start":{"line":6,"column":0},"end":{"line":10,"column":2}},"5":{"start":{"line":13,"column":0},"end":{"line":19,"column":2}},"6":{"start":{"line":14,"column":2},"end":{"line":14,"column":31}},"7":{"start":{"line":15,"column":2},"end":{"line":18,"column":5}},"8":{"start":{"line":16,"column":4},"end":{"line":16,"column":73}},"9":{"start":{"line":17,"column":4},"end":{"line":17,"column":126}},"10":{"start":{"line":22,"column":0},"end":{"line":27,"column":2}},"11":{"start":{"line":23,"column":2},"end":{"line":26,"column":2}},"12":{"start":{"line":24,"column":4},"end":{"line":24,"column":94}},"13":{"start":{"line":29,"column":0},"end":{"line":50,"column":2}},"14":{"start":{"line":43,"column":6},"end":{"line":47,"column":7}},"15":{"start":{"line":44,"column":8},"end":{"line":44,"column":39}},"16":{"start":{"line":46,"column":8},"end":{"line":46,"column":40}}},"branchMap":{"1":{"line":16,"type":"cond-expr","locations":[{"start":{"line":16,"column":11},"end":{"line":16,"column":59}},{"start":{"line":16,"column":62},"end":{"line":16,"column":72}}]},"2":{"line":17,"type":"cond-expr","locations":[{"start":{"line":17,"column":10},"end":{"line":17,"column":54}},{"start":{"line":17,"column":57},"end":{"line":17,"column":125}}]},"3":{"line":24,"type":"cond-expr","locations":[{"start":{"line":24,"column":10},"end":{"line":24,"column":20}},{"start":{"line":24,"column":23},"end":{"line":24,"column":93}}]},"4":{"line":43,"type":"if","locations":[{"start":{"line":43,"column":6},"end":{"line":43,"column":6}},{"start":{"line":43,"column":6},"end":{"line":43,"column":6}}]}}},"/Users/nicholas_field/Documents/Web Development/mysite/src/routes/public/portfolio.js":{"path":"/Users/nicholas_field/Documents/Web Development/mysite/src/routes/public/portfolio.js","s":{"1":1,"2":1,"3":1,"4":1,"5":1,"6":1,"7":1,"8":1,"9":1,"10":1,"11":2,"12":2,"13":1,"14":3,"15":1,"16":2},"b":{"1":[0,1],"2":[1,0],"3":[0,2],"4":[1,2]},"f":{},"fnMap":{},"statementMap":{"1":{"start":{"line":1,"column":0},"end":{"line":1,"column":76}},"2":{"start":{"line":2,"column":0},"end":{"line":2,"column":67}},"3":{"start":{"line":3,"column":0},"end":{"line":3,"column":69}},"4":{"start":{"line":6,"column":0},"end":{"line":10,"column":2}},"5":{"start":{"line":13,"column":0},"end":{"line":19,"column":2}},"6":{"start":{"line":14,"column":2},"end":{"line":14,"column":31}},"7":{"start":{"line":15,"column":2},"end":{"line":18,"column":5}},"8":{"start":{"line":16,"column":4},"end":{"line":16,"column":73}},"9":{"start":{"line":17,"column":4},"end":{"line":17,"column":135}},"10":{"start":{"line":22,"column":0},"end":{"line":27,"column":2}},"11":{"start":{"line":23,"column":2},"end":{"line":26,"column":2}},"12":{"start":{"line":24,"column":4},"end":{"line":24,"column":99}},"13":{"start":{"line":29,"column":0},"end":{"line":50,"column":2}},"14":{"start":{"line":43,"column":6},"end":{"line":47,"column":7}},"15":{"start":{"line":44,"column":8},"end":{"line":44,"column":39}},"16":{"start":{"line":46,"column":8},"end":{"line":46,"column":49}}},"branchMap":{"1":{"line":16,"type":"cond-expr","locations":[{"start":{"line":16,"column":11},"end":{"line":16,"column":59}},{"start":{"line":16,"column":62},"end":{"line":16,"column":72}}]},"2":{"line":17,"type":"cond-expr","locations":[{"start":{"line":17,"column":10},"end":{"line":17,"column":63}},{"start":{"line":17,"column":66},"end":{"line":17,"column":134}}]},"3":{"line":24,"type":"cond-expr","locations":[{"start":{"line":24,"column":10},"end":{"line":24,"column":20}},{"start":{"line":24,"column":23},"end":{"line":24,"column":98}}]},"4":{"line":43,"type":"if","locations":[{"start":{"line":43,"column":6},"end":{"line":43,"column":6}},{"start":{"line":43,"column":6},"end":{"line":43,"column":6}}]}}},"/Users/nicholas_field/Documents/Web Development/mysite/src/routes/private/compose.js":{"path":"/Users/nicholas_field/Documents/Web Development/mysite/src/routes/private/compose.js","s":{"1":1,"2":1,"3":1,"4":1,"5":1,"6":1,"7":1,"8":1,"9":1,"10":2,"11":2,"12":2,"13":2,"14":1,"15":3,"16":1,"17":2},"b":{"1":[0,1],"2":[0,2],"3":[0,2],"4":[1,2]},"f":{},"fnMap":{},"statementMap":{"1":{"start":{"line":1,"column":0},"end":{"line":1,"column":76}},"2":{"start":{"line":2,"column":0},"end":{"line":2,"column":49}},"3":{"start":{"line":3,"column":0},"end":{"line":3,"column":64}},"4":{"start":{"line":4,"column":0},"end":{"line":4,"column":58}},"5":{"start":{"line":5,"column":0},"end":{"line":5,"column":55}},"6":{"start":{"line":8,"column":0},"end":{"line":12,"column":2}},"7":{"start":{"line":9,"column":2},"end":{"line":11,"column":5}},"8":{"start":{"line":10,"column":4},"end":{"line":10,"column":71}},"9":{"start":{"line":15,"column":0},"end":{"line":22,"column":2}},"10":{"start":{"line":16,"column":2},"end":{"line":16,"column":72}},"11":{"start":{"line":17,"column":2},"end":{"line":21,"column":5}},"12":{"start":{"line":18,"column":4},"end":{"line":20,"column":7}},"13":{"start":{"line":19,"column":6},"end":{"line":19,"column":51}},"14":{"start":{"line":24,"column":0},"end":{"line":40,"column":2}},"15":{"start":{"line":33,"column":6},"end":{"line":37,"column":7}},"16":{"start":{"line":34,"column":8},"end":{"line":34,"column":40}},"17":{"start":{"line":36,"column":8},"end":{"line":36,"column":35}}},"branchMap":{"1":{"line":10,"type":"cond-expr","locations":[{"start":{"line":10,"column":10},"end":{"line":10,"column":20}},{"start":{"line":10,"column":23},"end":{"line":10,"column":70}}]},"2":{"line":18,"type":"cond-expr","locations":[{"start":{"line":18,"column":12},"end":{"line":18,"column":22}},{"start":{"line":18,"column":25},"end":{"line":20,"column":6}}]},"3":{"line":19,"type":"cond-expr","locations":[{"start":{"line":19,"column":14},"end":{"line":19,"column":24}},{"start":{"line":19,"column":27},"end":{"line":19,"column":50}}]},"4":{"line":33,"type":"if","locations":[{"start":{"line":33,"column":6},"end":{"line":33,"column":6}},{"start":{"line":33,"column":6},"end":{"line":33,"column":6}}]}}},"/Users/nicholas_field/Documents/Web Development/mysite/src/helpers/uri-helpers.js":{"path":"/Users/nicholas_field/Documents/Web Development/mysite/src/helpers/uri-helpers.js","s":{"1":1,"2":2,"3":1,"4":3,"5":3,"6":0,"7":3,"8":5,"9":3,"10":4,"11":3,"12":1,"13":0,"14":0,"15":1,"16":0,"17":1,"18":3,"19":1},"b":{"1":[0,3],"2":[3,0],"3":[0,1],"4":[0,1]},"f":{},"fnMap":{},"statementMap":{"1":{"start":{"line":2,"column":0},"end":{"line":2,"column":87}},"2":{"start":{"line":2,"column":29},"end":{"line":2,"column":86}},"3":{"start":{"line":5,"column":0},"end":{"line":23,"column":2}},"4":{"start":{"line":6,"column":2},"end":{"line":22,"column":5}},"5":{"start":{"line":7,"column":4},"end":{"line":7,"column":21}},"6":{"start":{"line":7,"column":13},"end":{"line":7,"column":21}},"7":{"start":{"line":8,"column":4},"end":{"line":8,"column":51}},"8":{"start":{"line":8,"column":35},"end":{"line":8,"column":44}},"9":{"start":{"line":10,"column":4},"end":{"line":10,"column":68}},"10":{"start":{"line":10,"column":38},"end":{"line":10,"column":67}},"11":{"start":{"line":12,"column":4},"end":{"line":20,"column":5}},"12":{"start":{"line":13,"column":6},"end":{"line":19,"column":7}},"13":{"start":{"line":14,"column":8},"end":{"line":14,"column":81}},"14":{"start":{"line":14,"column":57},"end":{"line":14,"column":77}},"15":{"start":{"line":15,"column":13},"end":{"line":19,"column":7}},"16":{"start":{"line":16,"column":8},"end":{"line":16,"column":38}},"17":{"start":{"line":18,"column":8},"end":{"line":18,"column":24}},"18":{"start":{"line":21,"column":4},"end":{"line":21,"column":18}},"19":{"start":{"line":25,"column":0},"end":{"line":28,"column":2}}},"branchMap":{"1":{"line":7,"type":"if","locations":[{"start":{"line":7,"column":4},"end":{"line":7,"column":4}},{"start":{"line":7,"column":4},"end":{"line":7,"column":4}}]},"2":{"line":8,"type":"cond-expr","locations":[{"start":{"line":8,"column":18},"end":{"line":8,"column":45}},{"start":{"line":8,"column":48},"end":{"line":8,"column":50}}]},"3":{"line":13,"type":"if","locations":[{"start":{"line":13,"column":6},"end":{"line":13,"column":6}},{"start":{"line":13,"column":6},"end":{"line":13,"column":6}}]},"4":{"line":15,"type":"if","locations":[{"start":{"line":15,"column":13},"end":{"line":15,"column":13}},{"start":{"line":15,"column":13},"end":{"line":15,"column":13}}]}}},"/Users/nicholas_field/Documents/Web Development/mysite/src/helpers/growobj.js":{"path":"/Users/nicholas_field/Documents/Web Development/mysite/src/helpers/growobj.js","s":{"1":1,"2":4},"b":{},"f":{},"fnMap":{},"statementMap":{"1":{"start":{"line":2,"column":0},"end":{"line":9,"column":2}},"2":{"start":{"line":3,"column":2},"end":{"line":8,"column":5}}},"branchMap":{}},"/Users/nicholas_field/Documents/Web Development/mysite/src/routes/private/delete.js":{"path":"/Users/nicholas_field/Documents/Web Development/mysite/src/routes/private/delete.js","s":{"1":1,"2":1,"3":1,"4":2,"5":1,"6":1,"7":1,"8":1,"9":1,"10":1,"11":2,"12":1,"13":1,"14":1,"15":1,"16":4,"17":2,"18":2},"b":{"1":[1,1],"2":[0,1],"3":[1,1],"4":[0,1],"5":[2,2]},"f":{},"fnMap":{},"statementMap":{"1":{"start":{"line":1,"column":0},"end":{"line":1,"column":69}},"2":{"start":{"line":2,"column":0},"end":{"line":2,"column":67}},"3":{"start":{"line":4,"column":0},"end":{"line":14,"column":2}},"4":{"start":{"line":5,"column":2},"end":{"line":13,"column":3}},"5":{"start":{"line":6,"column":4},"end":{"line":6,"column":24}},"6":{"start":{"line":8,"column":4},"end":{"line":8,"column":42}},"7":{"start":{"line":9,"column":4},"end":{"line":9,"column":36}},"8":{"start":{"line":10,"column":4},"end":{"line":12,"column":7}},"9":{"start":{"line":11,"column":6},"end":{"line":11,"column":54}},"10":{"start":{"line":16,"column":0},"end":{"line":24,"column":2}},"11":{"start":{"line":17,"column":2},"end":{"line":23,"column":3}},"12":{"start":{"line":18,"column":4},"end":{"line":18,"column":24}},"13":{"start":{"line":20,"column":4},"end":{"line":22,"column":7}},"14":{"start":{"line":21,"column":6},"end":{"line":21,"column":49}},"15":{"start":{"line":28,"column":0},"end":{"line":49,"column":2}},"16":{"start":{"line":42,"column":6},"end":{"line":46,"column":7}},"17":{"start":{"line":43,"column":8},"end":{"line":43,"column":38}},"18":{"start":{"line":45,"column":8},"end":{"line":45,"column":37}}},"branchMap":{"1":{"line":5,"type":"if","locations":[{"start":{"line":5,"column":2},"end":{"line":5,"column":2}},{"start":{"line":5,"column":2},"end":{"line":5,"column":2}}]},"2":{"line":11,"type":"cond-expr","locations":[{"start":{"line":11,"column":12},"end":{"line":11,"column":22}},{"start":{"line":11,"column":25},"end":{"line":11,"column":53}}]},"3":{"line":17,"type":"if","locations":[{"start":{"line":17,"column":2},"end":{"line":17,"column":2}},{"start":{"line":17,"column":2},"end":{"line":17,"column":2}}]},"4":{"line":21,"type":"cond-expr","locations":[{"start":{"line":21,"column":12},"end":{"line":21,"column":22}},{"start":{"line":21,"column":25},"end":{"line":21,"column":48}}]},"5":{"line":42,"type":"if","locations":[{"start":{"line":42,"column":6},"end":{"line":42,"column":6}},{"start":{"line":42,"column":6},"end":{"line":42,"column":6}}]}}},"/Users/nicholas_field/Documents/Web Development/mysite/src/routes/private/edit.js":{"path":"/Users/nicholas_field/Documents/Web Development/mysite/src/routes/private/edit.js","s":{"1":1,"2":1,"3":1,"4":1,"5":1,"6":1,"7":1,"8":0,"9":1,"10":1,"11":0,"12":1,"13":0,"14":1,"15":1,"16":1,"17":1,"18":1,"19":1,"20":1,"21":2,"22":1,"23":1},"b":{"1":[0,1],"2":[0,1],"3":[0,1],"4":[0,1],"5":[1,1]},"f":{},"fnMap":{},"statementMap":{"1":{"start":{"line":1,"column":0},"end":{"line":1,"column":54}},"2":{"start":{"line":2,"column":0},"end":{"line":2,"column":64}},"3":{"start":{"line":3,"column":0},"end":{"line":3,"column":58}},"4":{"start":{"line":6,"column":0},"end":{"line":16,"column":2}},"5":{"start":{"line":7,"column":2},"end":{"line":7,"column":31}},"6":{"start":{"line":8,"column":2},"end":{"line":15,"column":5}},"7":{"start":{"line":9,"column":4},"end":{"line":9,"column":24}},"8":{"start":{"line":9,"column":13},"end":{"line":9,"column":24}},"9":{"start":{"line":10,"column":4},"end":{"line":14,"column":7}},"10":{"start":{"line":11,"column":6},"end":{"line":11,"column":26}},"11":{"start":{"line":11,"column":15},"end":{"line":11,"column":26}},"12":{"start":{"line":12,"column":6},"end":{"line":12,"column":50}},"13":{"start":{"line":12,"column":29},"end":{"line":12,"column":50}},"14":{"start":{"line":13,"column":6},"end":{"line":13,"column":63}},"15":{"start":{"line":19,"column":0},"end":{"line":25,"column":2}},"16":{"start":{"line":20,"column":2},"end":{"line":20,"column":28}},"17":{"start":{"line":21,"column":2},"end":{"line":21,"column":39}},"18":{"start":{"line":22,"column":2},"end":{"line":24,"column":5}},"19":{"start":{"line":23,"column":4},"end":{"line":23,"column":66}},"20":{"start":{"line":27,"column":0},"end":{"line":43,"column":2}},"21":{"start":{"line":36,"column":6},"end":{"line":40,"column":7}},"22":{"start":{"line":37,"column":8},"end":{"line":37,"column":43}},"23":{"start":{"line":39,"column":8},"end":{"line":39,"column":35}}},"branchMap":{"1":{"line":9,"type":"if","locations":[{"start":{"line":9,"column":4},"end":{"line":9,"column":4}},{"start":{"line":9,"column":4},"end":{"line":9,"column":4}}]},"2":{"line":11,"type":"if","locations":[{"start":{"line":11,"column":6},"end":{"line":11,"column":6}},{"start":{"line":11,"column":6},"end":{"line":11,"column":6}}]},"3":{"line":12,"type":"if","locations":[{"start":{"line":12,"column":6},"end":{"line":12,"column":6}},{"start":{"line":12,"column":6},"end":{"line":12,"column":6}}]},"4":{"line":23,"type":"cond-expr","locations":[{"start":{"line":23,"column":10},"end":{"line":23,"column":20}},{"start":{"line":23,"column":23},"end":{"line":23,"column":65}}]},"5":{"line":36,"type":"if","locations":[{"start":{"line":36,"column":6},"end":{"line":36,"column":6}},{"start":{"line":36,"column":6},"end":{"line":36,"column":6}}]}}},"/Users/nicholas_field/Documents/Web Development/mysite/src/routes/private/images.js":{"path":"/Users/nicholas_field/Documents/Web Development/mysite/src/routes/private/images.js","s":{"1":1,"2":1,"3":1,"4":1,"5":2,"6":2,"7":2,"8":0,"9":2,"10":1,"11":1,"12":1,"13":1,"14":3,"15":1,"16":2,"17":2,"18":1,"19":2,"20":1,"21":2,"22":1,"23":1,"24":0,"25":1,"26":1,"27":1,"28":1,"29":1,"30":1,"31":3,"32":1,"33":2,"34":2,"35":1,"36":10,"37":8,"38":2,"39":6,"40":3,"41":3,"42":2},"b":{"1":[0,2],"2":[1,1],"3":[1,2],"4":[0,2],"5":[1,1],"6":[0,1],"7":[1,0],"8":[0,1],"9":[1,2],"10":[0,2],"11":[8,2],"12":[2,6],"13":[3,3]},"f":{},"fnMap":{},"statementMap":{"1":{"start":{"line":1,"column":0},"end":{"line":1,"column":69}},"2":{"start":{"line":2,"column":0},"end":{"line":2,"column":85}},"3":{"start":{"line":3,"column":0},"end":{"line":3,"column":67}},"4":{"start":{"line":6,"column":0},"end":{"line":16,"column":2}},"5":{"start":{"line":7,"column":2},"end":{"line":7,"column":32}},"6":{"start":{"line":8,"column":2},"end":{"line":15,"column":5}},"7":{"start":{"line":9,"column":4},"end":{"line":14,"column":5}},"8":{"start":{"line":9,"column":13},"end":{"line":9,"column":24}},"9":{"start":{"line":10,"column":9},"end":{"line":14,"column":5}},"10":{"start":{"line":10,"column":21},"end":{"line":10,"column":46}},"11":{"start":{"line":12,"column":6},"end":{"line":12,"column":49}},"12":{"start":{"line":13,"column":6},"end":{"line":13,"column":59}},"13":{"start":{"line":18,"column":0},"end":{"line":27,"column":2}},"14":{"start":{"line":19,"column":2},"end":{"line":26,"column":3}},"15":{"start":{"line":20,"column":4},"end":{"line":20,"column":28}},"16":{"start":{"line":22,"column":4},"end":{"line":25,"column":7}},"17":{"start":{"line":23,"column":6},"end":{"line":23,"column":51}},"18":{"start":{"line":23,"column":35},"end":{"line":23,"column":49}},"19":{"start":{"line":24,"column":6},"end":{"line":24,"column":49}},"20":{"start":{"line":30,"column":0},"end":{"line":43,"column":2}},"21":{"start":{"line":31,"column":2},"end":{"line":42,"column":3}},"22":{"start":{"line":32,"column":4},"end":{"line":32,"column":28}},"23":{"start":{"line":33,"column":9},"end":{"line":42,"column":3}},"24":{"start":{"line":34,"column":4},"end":{"line":34,"column":44}},"25":{"start":{"line":36,"column":4},"end":{"line":36,"column":42}},"26":{"start":{"line":37,"column":4},"end":{"line":37,"column":36}},"27":{"start":{"line":38,"column":4},"end":{"line":38,"column":59}},"28":{"start":{"line":39,"column":4},"end":{"line":41,"column":7}},"29":{"start":{"line":40,"column":6},"end":{"line":40,"column":45}},"30":{"start":{"line":45,"column":0},"end":{"line":53,"column":2}},"31":{"start":{"line":46,"column":2},"end":{"line":52,"column":3}},"32":{"start":{"line":47,"column":4},"end":{"line":47,"column":28}},"33":{"start":{"line":49,"column":4},"end":{"line":51,"column":7}},"34":{"start":{"line":50,"column":6},"end":{"line":50,"column":40}},"35":{"start":{"line":55,"column":0},"end":{"line":82,"column":2}},"36":{"start":{"line":69,"column":6},"end":{"line":79,"column":7}},"37":{"start":{"line":70,"column":8},"end":{"line":76,"column":9}},"38":{"start":{"line":71,"column":10},"end":{"line":71,"column":35}},"39":{"start":{"line":72,"column":15},"end":{"line":76,"column":9}},"40":{"start":{"line":73,"column":10},"end":{"line":73,"column":35}},"41":{"start":{"line":75,"column":10},"end":{"line":75,"column":38}},"42":{"start":{"line":78,"column":8},"end":{"line":78,"column":38}}},"branchMap":{"1":{"line":9,"type":"if","locations":[{"start":{"line":9,"column":4},"end":{"line":9,"column":4}},{"start":{"line":9,"column":4},"end":{"line":9,"column":4}}]},"2":{"line":10,"type":"if","locations":[{"start":{"line":10,"column":9},"end":{"line":10,"column":9}},{"start":{"line":10,"column":9},"end":{"line":10,"column":9}}]},"3":{"line":19,"type":"if","locations":[{"start":{"line":19,"column":2},"end":{"line":19,"column":2}},{"start":{"line":19,"column":2},"end":{"line":19,"column":2}}]},"4":{"line":24,"type":"cond-expr","locations":[{"start":{"line":24,"column":12},"end":{"line":24,"column":22}},{"start":{"line":24,"column":25},"end":{"line":24,"column":48}}]},"5":{"line":31,"type":"if","locations":[{"start":{"line":31,"column":2},"end":{"line":31,"column":2}},{"start":{"line":31,"column":2},"end":{"line":31,"column":2}}]},"6":{"line":33,"type":"if","locations":[{"start":{"line":33,"column":9},"end":{"line":33,"column":9}},{"start":{"line":33,"column":9},"end":{"line":33,"column":9}}]},"7":{"line":38,"type":"binary-expr","locations":[{"start":{"line":38,"column":21},"end":{"line":38,"column":39}},{"start":{"line":38,"column":43},"end":{"line":38,"column":58}}]},"8":{"line":40,"type":"cond-expr","locations":[{"start":{"line":40,"column":13},"end":{"line":40,"column":23}},{"start":{"line":40,"column":26},"end":{"line":40,"column":43}}]},"9":{"line":46,"type":"if","locations":[{"start":{"line":46,"column":2},"end":{"line":46,"column":2}},{"start":{"line":46,"column":2},"end":{"line":46,"column":2}}]},"10":{"line":50,"type":"cond-expr","locations":[{"start":{"line":50,"column":13},"end":{"line":50,"column":23}},{"start":{"line":50,"column":26},"end":{"line":50,"column":38}}]},"11":{"line":69,"type":"if","locations":[{"start":{"line":69,"column":6},"end":{"line":69,"column":6}},{"start":{"line":69,"column":6},"end":{"line":69,"column":6}}]},"12":{"line":70,"type":"if","locations":[{"start":{"line":70,"column":8},"end":{"line":70,"column":8}},{"start":{"line":70,"column":8},"end":{"line":70,"column":8}}]},"13":{"line":72,"type":"if","locations":[{"start":{"line":72,"column":15},"end":{"line":72,"column":15}},{"start":{"line":72,"column":15},"end":{"line":72,"column":15}}]}}},"/Users/nicholas_field/Documents/Web Development/mysite/src/helpers/decodebase64image.js":{"path":"/Users/nicholas_field/Documents/Web Development/mysite/src/helpers/decodebase64image.js","s":{"1":1,"2":1,"3":1},"b":{},"f":{},"fnMap":{},"statementMap":{"1":{"start":{"line":2,"column":0},"end":{"line":5,"column":2}},"2":{"start":{"line":3,"column":2},"end":{"line":3,"column":72}},"3":{"start":{"line":4,"column":2},"end":{"line":4,"column":68}}},"branchMap":{}},"/Users/nicholas_field/Documents/Web Development/mysite/src/routes/private/addimage.js":{"path":"/Users/nicholas_field/Documents/Web Development/mysite/src/routes/private/addimage.js","s":{"1":1,"2":1,"3":1,"4":1,"5":1,"6":1,"7":1,"8":1,"9":1,"10":1},"b":{"1":[0,1],"2":[0,1]},"f":{},"fnMap":{},"statementMap":{"1":{"start":{"line":1,"column":0},"end":{"line":1,"column":65}},"2":{"start":{"line":2,"column":0},"end":{"line":2,"column":67}},"3":{"start":{"line":5,"column":0},"end":{"line":13,"column":2}},"4":{"start":{"line":6,"column":2},"end":{"line":6,"column":30}},"5":{"start":{"line":7,"column":2},"end":{"line":7,"column":27}},"6":{"start":{"line":8,"column":2},"end":{"line":12,"column":5}},"7":{"start":{"line":9,"column":4},"end":{"line":11,"column":7}},"8":{"start":{"line":10,"column":6},"end":{"line":10,"column":74}},"9":{"start":{"line":15,"column":0},"end":{"line":30,"column":2}},"10":{"start":{"line":27,"column":6},"end":{"line":27,"column":31}}},"branchMap":{"1":{"line":9,"type":"cond-expr","locations":[{"start":{"line":9,"column":10},"end":{"line":9,"column":65}},{"start":{"line":9,"column":68},"end":{"line":11,"column":6}}]},"2":{"line":10,"type":"cond-expr","locations":[{"start":{"line":10,"column":12},"end":{"line":10,"column":57}},{"start":{"line":10,"column":60},"end":{"line":10,"column":73}}]}}},"/Users/nicholas_field/Documents/Web Development/mysite/src/routes/private/login.js":{"path":"/Users/nicholas_field/Documents/Web Development/mysite/src/routes/private/login.js","s":{"1":1,"2":1,"3":1,"4":3,"5":3,"6":0,"7":3,"8":1,"9":2,"10":1,"11":2,"12":2,"13":0,"14":2,"15":1,"16":1,"17":1,"18":1,"19":1,"20":1,"21":3,"22":3,"23":3,"24":3,"25":0,"26":3,"27":1,"28":2,"29":2,"30":0,"31":2,"32":1,"33":1,"34":1,"35":1,"36":4,"37":1,"38":3},"b":{"1":[0,3],"2":[1,2],"3":[0,2],"4":[1,1],"5":[0,3],"6":[1,2],"7":[0,2],"8":[1,1],"9":[1,3]},"f":{},"fnMap":{},"statementMap":{"1":{"start":{"line":1,"column":0},"end":{"line":1,"column":56}},"2":{"start":{"line":2,"column":0},"end":{"line":2,"column":42}},"3":{"start":{"line":4,"column":0},"end":{"line":10,"column":2}},"4":{"start":{"line":5,"column":2},"end":{"line":9,"column":5}},"5":{"start":{"line":6,"column":4},"end":{"line":8,"column":24}},"6":{"start":{"line":6,"column":13},"end":{"line":6,"column":21}},"7":{"start":{"line":7,"column":9},"end":{"line":8,"column":24}},"8":{"start":{"line":7,"column":20},"end":{"line":7,"column":29}},"9":{"start":{"line":8,"column":9},"end":{"line":8,"column":24}},"10":{"start":{"line":12,"column":0},"end":{"line":18,"column":2}},"11":{"start":{"line":13,"column":2},"end":{"line":17,"column":5}},"12":{"start":{"line":14,"column":4},"end":{"line":16,"column":24}},"13":{"start":{"line":14,"column":13},"end":{"line":14,"column":21}},"14":{"start":{"line":15,"column":9},"end":{"line":16,"column":24}},"15":{"start":{"line":15,"column":23},"end":{"line":15,"column":32}},"16":{"start":{"line":16,"column":9},"end":{"line":16,"column":24}},"17":{"start":{"line":20,"column":0},"end":{"line":23,"column":2}},"18":{"start":{"line":25,"column":0},"end":{"line":31,"column":2}},"19":{"start":{"line":26,"column":2},"end":{"line":30,"column":4}},"20":{"start":{"line":33,"column":0},"end":{"line":54,"column":2}},"21":{"start":{"line":34,"column":2},"end":{"line":34,"column":38}},"22":{"start":{"line":35,"column":2},"end":{"line":35,"column":38}},"23":{"start":{"line":36,"column":2},"end":{"line":53,"column":5}},"24":{"start":{"line":37,"column":4},"end":{"line":52,"column":5}},"25":{"start":{"line":38,"column":6},"end":{"line":38,"column":16}},"26":{"start":{"line":39,"column":11},"end":{"line":52,"column":5}},"27":{"start":{"line":40,"column":6},"end":{"line":40,"column":40}},"28":{"start":{"line":42,"column":6},"end":{"line":51,"column":9}},"29":{"start":{"line":43,"column":8},"end":{"line":50,"column":9}},"30":{"start":{"line":44,"column":10},"end":{"line":44,"column":20}},"31":{"start":{"line":45,"column":15},"end":{"line":50,"column":9}},"32":{"start":{"line":46,"column":10},"end":{"line":46,"column":55}},"33":{"start":{"line":48,"column":10},"end":{"line":48,"column":55}},"34":{"start":{"line":49,"column":10},"end":{"line":49,"column":30}},"35":{"start":{"line":56,"column":0},"end":{"line":68,"column":2}},"36":{"start":{"line":61,"column":6},"end":{"line":65,"column":7}},"37":{"start":{"line":62,"column":8},"end":{"line":62,"column":65}},"38":{"start":{"line":64,"column":8},"end":{"line":64,"column":33}}},"branchMap":{"1":{"line":6,"type":"if","locations":[{"start":{"line":6,"column":4},"end":{"line":6,"column":4}},{"start":{"line":6,"column":4},"end":{"line":6,"column":4}}]},"2":{"line":7,"type":"if","locations":[{"start":{"line":7,"column":9},"end":{"line":7,"column":9}},{"start":{"line":7,"column":9},"end":{"line":7,"column":9}}]},"3":{"line":14,"type":"if","locations":[{"start":{"line":14,"column":4},"end":{"line":14,"column":4}},{"start":{"line":14,"column":4},"end":{"line":14,"column":4}}]},"4":{"line":15,"type":"if","locations":[{"start":{"line":15,"column":9},"end":{"line":15,"column":9}},{"start":{"line":15,"column":9},"end":{"line":15,"column":9}}]},"5":{"line":37,"type":"if","locations":[{"start":{"line":37,"column":4},"end":{"line":37,"column":4}},{"start":{"line":37,"column":4},"end":{"line":37,"column":4}}]},"6":{"line":39,"type":"if","locations":[{"start":{"line":39,"column":11},"end":{"line":39,"column":11}},{"start":{"line":39,"column":11},"end":{"line":39,"column":11}}]},"7":{"line":43,"type":"if","locations":[{"start":{"line":43,"column":8},"end":{"line":43,"column":8}},{"start":{"line":43,"column":8},"end":{"line":43,"column":8}}]},"8":{"line":45,"type":"if","locations":[{"start":{"line":45,"column":15},"end":{"line":45,"column":15}},{"start":{"line":45,"column":15},"end":{"line":45,"column":15}}]},"9":{"line":61,"type":"if","locations":[{"start":{"line":61,"column":6},"end":{"line":61,"column":6}},{"start":{"line":61,"column":6},"end":{"line":61,"column":6}}]}}},"/Users/nicholas_field/Documents/Web Development/mysite/src/routes/private/logout.js":{"path":"/Users/nicholas_field/Documents/Web Development/mysite/src/routes/private/logout.js","s":{"1":1,"2":1,"3":1},"b":{},"f":{},"fnMap":{},"statementMap":{"1":{"start":{"line":1,"column":0},"end":{"line":15,"column":2}},"2":{"start":{"line":10,"column":6},"end":{"line":10,"column":29}},"3":{"start":{"line":11,"column":6},"end":{"line":11,"column":26}}},"branchMap":{}},"/Users/nicholas_field/Documents/Web Development/mysite/src/routes/private/marked.js":{"path":"/Users/nicholas_field/Documents/Web Development/mysite/src/routes/private/marked.js","s":{"1":1,"2":1,"3":2,"4":2},"b":{"1":[1,1]},"f":{},"fnMap":{},"statementMap":{"1":{"start":{"line":1,"column":0},"end":{"line":1,"column":69}},"2":{"start":{"line":3,"column":0},"end":{"line":16,"column":2}},"3":{"start":{"line":12,"column":6},"end":{"line":12,"column":80}},"4":{"start":{"line":13,"column":6},"end":{"line":13,"column":46}}},"branchMap":{"1":{"line":12,"type":"cond-expr","locations":[{"start":{"line":12,"column":44},"end":{"line":12,"column":46}},{"start":{"line":12,"column":49},"end":{"line":12,"column":79}}]}}},"/Users/nicholas_field/Documents/Web Development/mysite/views/helpers/categorycolor.js":{"path":"/Users/nicholas_field/Documents/Web Development/mysite/views/helpers/categorycolor.js","s":{"1":1,"2":11,"3":11,"4":2,"5":2,"6":3,"7":3,"8":1,"9":1,"10":1,"11":1,"12":1,"13":1,"14":1,"15":1,"16":1,"17":1,"18":1,"19":1,"20":11},"b":{"1":[2,3,1,1,1,1,1,1]},"f":{},"fnMap":{},"statementMap":{"1":{"start":{"line":1,"column":0},"end":{"line":14,"column":2}},"2":{"start":{"line":2,"column":2},"end":{"line":2,"column":12}},"3":{"start":{"line":3,"column":2},"end":{"line":12,"column":3}},"4":{"start":{"line":4,"column":19},"end":{"line":4,"column":34}},"5":{"start":{"line":4,"column":35},"end":{"line":4,"column":41}},"6":{"start":{"line":5,"column":22},"end":{"line":5,"column":37}},"7":{"start":{"line":5,"column":38},"end":{"line":5,"column":44}},"8":{"start":{"line":6,"column":26},"end":{"line":6,"column":40}},"9":{"start":{"line":6,"column":41},"end":{"line":6,"column":47}},"10":{"start":{"line":7,"column":25},"end":{"line":7,"column":41}},"11":{"start":{"line":7,"column":42},"end":{"line":7,"column":48}},"12":{"start":{"line":8,"column":25},"end":{"line":8,"column":40}},"13":{"start":{"line":8,"column":41},"end":{"line":8,"column":47}},"14":{"start":{"line":9,"column":23},"end":{"line":9,"column":40}},"15":{"start":{"line":9,"column":41},"end":{"line":9,"column":47}},"16":{"start":{"line":10,"column":20},"end":{"line":10,"column":37}},"17":{"start":{"line":10,"column":38},"end":{"line":10,"column":44}},"18":{"start":{"line":11,"column":24},"end":{"line":11,"column":45}},"19":{"start":{"line":11,"column":46},"end":{"line":11,"column":52}},"20":{"start":{"line":13,"column":2},"end":{"line":13,"column":15}}},"branchMap":{"1":{"line":3,"type":"switch","locations":[{"start":{"line":4,"column":4},"end":{"line":4,"column":43}},{"start":{"line":5,"column":4},"end":{"line":5,"column":46}},{"start":{"line":6,"column":4},"end":{"line":6,"column":49}},{"start":{"line":7,"column":4},"end":{"line":7,"column":50}},{"start":{"line":8,"column":4},"end":{"line":8,"column":49}},{"start":{"line":9,"column":4},"end":{"line":9,"column":49}},{"start":{"line":10,"column":4},"end":{"line":10,"column":46}},{"start":{"line":11,"column":4},"end":{"line":11,"column":54}}]}}},"/Users/nicholas_field/Documents/Web Development/mysite/views/helpers/removemarked.js":{"path":"/Users/nicholas_field/Documents/Web Development/mysite/views/helpers/removemarked.js","s":{"1":1,"2":3},"b":{},"f":{},"fnMap":{},"statementMap":{"1":{"start":{"line":1,"column":0},"end":{"line":3,"column":2}},"2":{"start":{"line":2,"column":2},"end":{"line":2,"column":47}}},"branchMap":{}},"/Users/nicholas_field/Documents/Web Development/mysite/views/helpers/select.js":{"path":"/Users/nicholas_field/Documents/Web Development/mysite/views/helpers/select.js","s":{"1":1,"2":16},"b":{"1":[1,15]},"f":{},"fnMap":{},"statementMap":{"1":{"start":{"line":1,"column":0},"end":{"line":3,"column":2}},"2":{"start":{"line":2,"column":2},"end":{"line":2,"column":35}}},"branchMap":{"1":{"line":2,"type":"cond-expr","locations":[{"start":{"line":2,"column":19},"end":{"line":2,"column":29}},{"start":{"line":2,"column":32},"end":{"line":2,"column":34}}]}}}}