TN:
SF:/Users/nicholas_field/Documents/Web Development/mysite/src/dbrequests/posts.js
FNF:0
FNH:0
DA:1,1
DA:3,1
DA:26,1
DA:29,1
DA:32,1
DA:33,12
DA:34,12
DA:37,1
DA:38,4
DA:39,4
DA:42,1
DA:43,2
DA:44,2
DA:48,1
LF:14
LH:14
BRDA:34,1,0,0
BRDA:34,1,1,12
BRDA:39,2,0,0
BRDA:39,2,1,4
BRDA:44,3,0,0
BRDA:44,3,1,2
BRF:6
BRH:3
end_of_record
TN:
SF:/Users/nicholas_field/Documents/Web Development/mysite/src/dbconnection.js
FNF:0
FNH:0
DA:1,1
DA:2,1
DA:3,1
DA:5,1
DA:7,1
DA:8,0
DA:11,1
DA:12,1
DA:14,1
DA:22,1
DA:23,1
DA:24,1
DA:26,1
LF:13
LH:12
BRDA:7,1,0,0
BRDA:7,1,1,1
BRDA:18,2,0,1
BRDA:18,2,1,0
BRDA:22,3,0,1
BRDA:22,3,1,0
BRDA:23,4,0,1
BRDA:23,4,1,0
BRF:8
BRH:4
end_of_record
TN:
SF:/Users/nicholas_field/Documents/Web Development/mysite/src/dbrequests/createpost.js
FNF:0
FNH:0
DA:1,1
DA:3,1
DA:14,1
DA:17,1
DA:18,2
DA:19,2
DA:20,2
DA:25,1
LF:8
LH:8
BRDA:19,1,0,0
BRDA:19,1,1,2
BRDA:20,2,0,0
BRDA:20,2,1,2
BRF:4
BRH:2
end_of_record
TN:
SF:/Users/nicholas_field/Documents/Web Development/mysite/src/dbrequests/delete.js
FNF:0
FNH:0
DA:1,1
DA:3,1
DA:4,1
DA:5,1
DA:9,1
DA:10,1
DA:11,1
DA:15,1
LF:8
LH:8
BRDA:5,1,0,0
BRDA:5,1,1,1
BRDA:11,2,0,0
BRDA:11,2,1,1
BRF:4
BRH:2
end_of_record
TN:
SF:/Users/nicholas_field/Documents/Web Development/mysite/src/dbrequests/getcategories.js
FNF:0
FNH:0
DA:1,1
DA:3,1
DA:4,2
DA:5,2
DA:6,16
DA:7,16
LF:6
LH:6
BRDA:5,1,0,0
BRDA:5,1,1,2
BRF:2
BRH:1
end_of_record
TN:
SF:/Users/nicholas_field/Documents/Web Development/mysite/src/dbrequests/getuser.js
FNF:0
FNH:0
DA:1,1
DA:3,1
DA:4,3
DA:5,3
LF:4
LH:4
BRDA:5,1,0,0
BRDA:5,1,1,3
BRF:2
BRH:1
end_of_record
TN:
SF:/Users/nicholas_field/Documents/Web Development/mysite/src/dbrequests/images.js
FNF:0
FNH:0
DA:1,1
DA:4,1
DA:5,4
DA:10,4
DA:11,4
DA:16,1
DA:17,3
DA:18,3
DA:23,1
DA:24,1
DA:25,1
DA:26,1
DA:31,1
DA:32,1
DA:35,1
DA:38,1
DA:39,1
DA:40,1
DA:45,1
LF:19
LH:19
BRDA:11,1,0,0
BRDA:11,1,1,4
BRDA:18,2,0,0
BRDA:18,2,1,3
BRDA:26,3,0,0
BRDA:26,3,1,1
BRDA:39,4,0,0
BRDA:39,4,1,1
BRDA:40,5,0,0
BRDA:40,5,1,1
BRF:10
BRH:5
end_of_record
TN:
SF:/Users/nicholas_field/Documents/Web Development/mysite/src/dbrequests/updatepost.js
FNF:0
FNH:0
DA:1,1
DA:3,1
DA:11,1
DA:14,1
DA:15,1
DA:16,1
DA:17,1
DA:22,1
LF:8
LH:8
BRDA:16,1,0,0
BRDA:16,1,1,1
BRDA:17,2,0,0
BRDA:17,2,1,1
BRF:4
BRH:2
end_of_record
TN:
SF:/Users/nicholas_field/Documents/Web Development/mysite/src/server.js
FNF:0
FNH:0
DA:1,1
DA:2,1
DA:3,1
DA:4,1
DA:5,1
DA:6,1
DA:7,1
DA:8,1
DA:9,1
DA:12,1
DA:22,1
DA:25,1
DA:40,1
DA:50,1
DA:51,1
DA:54,1
DA:65,1
DA:67,1
DA:76,1
DA:81,0
DA:85,1
DA:88,1
LF:22
LH:21
BRDA:41,1,0,1
BRDA:41,1,1,1
BRDA:51,2,0,0
BRDA:51,2,1,1
BRF:4
BRH:3
end_of_record
TN:
SF:/Users/nicholas_field/Documents/Web Development/mysite/src/routes/index.js
FNF:0
FNH:0
DA:3,1
DA:4,1
DA:5,1
DA:9,1
DA:10,1
DA:11,1
DA:12,1
DA:13,1
DA:14,1
DA:15,1
DA:16,1
DA:18,1
LF:12
LH:12
BRF:0
BRH:0
end_of_record
TN:
SF:/Users/nicholas_field/Documents/Web Development/mysite/src/routes/public/home.js
FNF:0
FNH:0
DA:1,1
DA:2,1
DA:3,1
DA:5,1
DA:6,4
DA:7,4
DA:8,4
DA:12,1
DA:26,4
LF:9
LH:9
BRDA:8,1,0,0
BRDA:8,1,1,4
BRF:2
BRH:1
end_of_record
TN:
SF:/Users/nicholas_field/Documents/Web Development/mysite/src/helpers/credentialscheck.js
FNF:0
FNH:0
DA:1,1
DA:2,25
LF:2
LH:2
BRDA:2,1,0,12
BRDA:2,1,1,13
BRF:2
BRH:2
end_of_record
TN:
SF:/Users/nicholas_field/Documents/Web Development/mysite/src/helpers/markdowntransform.js
FNF:0
FNH:0
DA:1,1
DA:2,1
DA:3,1
DA:6,1
DA:7,58
DA:8,58
DA:9,58
DA:10,58
DA:14,1
DA:19,1
DA:31,1
DA:32,25
DA:33,25
DA:37,1
DA:39,4
DA:41,4
DA:43,4
DA:44,4
DA:48,1
DA:49,2
DA:53,1
DA:54,4
DA:58,1
DA:59,17
DA:60,17
DA:64,1
DA:65,12
DA:66,12
DA:67,12
DA:70,1
DA:71,44
DA:75,1
DA:76,2
DA:83,1
DA:84,8
DA:88,1
DA:89,24
DA:90,24
DA:91,24
DA:92,24
DA:96,1
DA:97,2
DA:101,1
DA:102,0
DA:103,0
DA:106,10
LF:46
LH:44
BRDA:8,1,0,30
BRDA:8,1,1,28
BRDA:9,2,0,30
BRDA:9,2,1,28
BRDA:39,3,0,4
BRDA:39,3,1,4
BRDA:41,4,0,4
BRDA:41,4,1,0
BRDA:65,5,0,4
BRDA:65,5,1,8
BRDA:89,6,0,6
BRDA:89,6,1,18
BRDA:90,7,0,24
BRDA:90,7,1,8
BRDA:91,8,0,6
BRDA:91,8,1,18
BRF:16
BRH:15
end_of_record
TN:
SF:/Users/nicholas_field/Documents/Web Development/mysite/src/routes/public/blog.js
FNF:0
FNH:0
DA:1,1
DA:2,1
DA:3,1
DA:6,1
DA:13,1
DA:14,6
DA:15,6
DA:16,6
DA:17,6
DA:22,1
DA:23,2
DA:24,2
DA:29,1
DA:43,8
DA:44,6
DA:46,2
LF:16
LH:16
BRDA:16,1,0,5
BRDA:16,1,1,1
BRDA:17,2,0,1
BRDA:17,2,1,5
BRDA:24,3,0,0
BRDA:24,3,1,2
BRDA:43,4,0,6
BRDA:43,4,1,2
BRF:8
BRH:7
end_of_record
TN:
SF:/Users/nicholas_field/Documents/Web Development/mysite/src/routes/public/portfolio.js
FNF:0
FNH:0
DA:1,1
DA:2,1
DA:3,1
DA:6,1
DA:13,1
DA:14,1
DA:15,1
DA:16,1
DA:17,1
DA:22,1
DA:23,2
DA:24,2
DA:29,1
DA:43,3
DA:44,1
DA:46,2
LF:16
LH:16
BRDA:16,1,0,0
BRDA:16,1,1,1
BRDA:17,2,0,1
BRDA:17,2,1,0
BRDA:24,3,0,0
BRDA:24,3,1,2
BRDA:43,4,0,1
BRDA:43,4,1,2
BRF:8
BRH:5
end_of_record
TN:
SF:/Users/nicholas_field/Documents/Web Development/mysite/src/routes/private/compose.js
FNF:0
FNH:0
DA:1,1
DA:2,1
DA:3,1
DA:4,1
DA:5,1
DA:8,1
DA:9,1
DA:10,1
DA:15,1
DA:16,2
DA:17,2
DA:18,2
DA:19,2
DA:24,1
DA:33,3
DA:34,1
DA:36,2
LF:17
LH:17
BRDA:10,1,0,0
BRDA:10,1,1,1
BRDA:18,2,0,0
BRDA:18,2,1,2
BRDA:19,3,0,0
BRDA:19,3,1,2
BRDA:33,4,0,1
BRDA:33,4,1,2
BRF:8
BRH:5
end_of_record
TN:
SF:/Users/nicholas_field/Documents/Web Development/mysite/src/helpers/uri-helpers.js
FNF:0
FNH:0
DA:2,2
DA:5,1
DA:6,3
DA:7,3
DA:8,5
DA:10,4
DA:12,3
DA:13,1
DA:14,0
DA:15,1
DA:16,0
DA:18,1
DA:21,3
DA:25,1
LF:14
LH:12
BRDA:7,1,0,0
BRDA:7,1,1,3
BRDA:8,2,0,3
BRDA:8,2,1,0
BRDA:13,3,0,0
BRDA:13,3,1,1
BRDA:15,4,0,0
BRDA:15,4,1,1
BRF:8
BRH:4
end_of_record
TN:
SF:/Users/nicholas_field/Documents/Web Development/mysite/src/helpers/growobj.js
FNF:0
FNH:0
DA:2,1
DA:3,4
LF:2
LH:2
BRF:0
BRH:0
end_of_record
TN:
SF:/Users/nicholas_field/Documents/Web Development/mysite/src/routes/private/delete.js
FNF:0
FNH:0
DA:1,1
DA:2,1
DA:4,1
DA:5,2
DA:6,1
DA:8,1
DA:9,1
DA:10,1
DA:11,1
DA:16,1
DA:17,2
DA:18,1
DA:20,1
DA:21,1
DA:28,1
DA:42,4
DA:43,2
DA:45,2
LF:18
LH:18
BRDA:5,1,0,1
BRDA:5,1,1,1
BRDA:11,2,0,0
BRDA:11,2,1,1
BRDA:17,3,0,1
BRDA:17,3,1,1
BRDA:21,4,0,0
BRDA:21,4,1,1
BRDA:42,5,0,2
BRDA:42,5,1,2
BRF:10
BRH:8
end_of_record
TN:
SF:/Users/nicholas_field/Documents/Web Development/mysite/src/routes/private/edit.js
FNF:0
FNH:0
DA:1,1
DA:2,1
DA:3,1
DA:6,1
DA:7,1
DA:8,1
DA:9,1
DA:10,1
DA:11,1
DA:12,1
DA:13,1
DA:19,1
DA:20,1
DA:21,1
DA:22,1
DA:23,1
DA:27,1
DA:36,2
DA:37,1
DA:39,1
LF:20
LH:20
BRDA:9,1,0,0
BRDA:9,1,1,1
BRDA:11,2,0,0
BRDA:11,2,1,1
BRDA:12,3,0,0
BRDA:12,3,1,1
BRDA:23,4,0,0
BRDA:23,4,1,1
BRDA:36,5,0,1
BRDA:36,5,1,1
BRF:10
BRH:6
end_of_record
TN:
SF:/Users/nicholas_field/Documents/Web Development/mysite/src/routes/private/images.js
FNF:0
FNH:0
DA:1,1
DA:2,1
DA:3,1
DA:6,1
DA:7,2
DA:8,2
DA:9,2
DA:10,2
DA:12,1
DA:13,1
DA:18,1
DA:19,3
DA:20,1
DA:22,2
DA:23,2
DA:24,2
DA:30,1
DA:31,2
DA:32,1
DA:33,1
DA:34,0
DA:36,1
DA:37,1
DA:38,1
DA:39,1
DA:40,1
DA:45,1
DA:46,3
DA:47,1
DA:49,2
DA:50,2
DA:55,1
DA:69,10
DA:70,8
DA:71,2
DA:72,6
DA:73,3
DA:75,3
DA:78,2
LF:39
LH:38
BRDA:9,1,0,0
BRDA:9,1,1,2
BRDA:10,2,0,1
BRDA:10,2,1,1
BRDA:19,3,0,1
BRDA:19,3,1,2
BRDA:24,4,0,0
BRDA:24,4,1,2
BRDA:31,5,0,1
BRDA:31,5,1,1
BRDA:33,6,0,0
BRDA:33,6,1,1
BRDA:38,7,0,1
BRDA:38,7,1,0
BRDA:40,8,0,0
BRDA:40,8,1,1
BRDA:46,9,0,1
BRDA:46,9,1,2
BRDA:50,10,0,0
BRDA:50,10,1,2
BRDA:69,11,0,8
BRDA:69,11,1,2
BRDA:70,12,0,2
BRDA:70,12,1,6
BRDA:72,13,0,3
BRDA:72,13,1,3
BRF:26
BRH:20
end_of_record
TN:
SF:/Users/nicholas_field/Documents/Web Development/mysite/src/helpers/decodebase64image.js
FNF:0
FNH:0
DA:2,1
DA:3,1
DA:4,1
LF:3
LH:3
BRF:0
BRH:0
end_of_record
TN:
SF:/Users/nicholas_field/Documents/Web Development/mysite/src/routes/private/addimage.js
FNF:0
FNH:0
DA:1,1
DA:2,1
DA:5,1
DA:6,1
DA:7,1
DA:8,1
DA:9,1
DA:10,1
DA:15,1
DA:27,1
LF:10
LH:10
BRDA:9,1,0,0
BRDA:9,1,1,1
BRDA:10,2,0,0
BRDA:10,2,1,1
BRF:4
BRH:2
end_of_record
TN:
SF:/Users/nicholas_field/Documents/Web Development/mysite/src/routes/private/login.js
FNF:0
FNH:0
DA:1,1
DA:2,1
DA:4,1
DA:5,3
DA:6,3
DA:7,3
DA:8,2
DA:12,1
DA:13,2
DA:14,2
DA:15,2
DA:16,1
DA:20,1
DA:25,1
DA:26,1
DA:33,1
DA:34,3
DA:35,3
DA:36,3
DA:37,3
DA:38,0
DA:39,3
DA:40,1
DA:42,2
DA:43,2
DA:44,0
DA:45,2
DA:46,1
DA:48,1
DA:49,1
DA:56,1
DA:61,4
DA:62,1
DA:64,3
LF:34
LH:32
BRDA:6,1,0,0
BRDA:6,1,1,3
BRDA:7,2,0,1
BRDA:7,2,1,2
BRDA:14,3,0,0
BRDA:14,3,1,2
BRDA:15,4,0,1
BRDA:15,4,1,1
BRDA:37,5,0,0
BRDA:37,5,1,3
BRDA:39,6,0,1
BRDA:39,6,1,2
BRDA:43,7,0,0
BRDA:43,7,1,2
BRDA:45,8,0,1
BRDA:45,8,1,1
BRDA:61,9,0,1
BRDA:61,9,1,3
BRF:18
BRH:14
end_of_record
TN:
SF:/Users/nicholas_field/Documents/Web Development/mysite/src/routes/private/logout.js
FNF:0
FNH:0
DA:1,1
DA:10,1
DA:11,1
LF:3
LH:3
BRF:0
BRH:0
end_of_record
TN:
SF:/Users/nicholas_field/Documents/Web Development/mysite/src/routes/private/marked.js
FNF:0
FNH:0
DA:1,1
DA:3,1
DA:12,2
DA:13,2
LF:4
LH:4
BRDA:12,1,0,1
BRDA:12,1,1,1
BRF:2
BRH:2
end_of_record
TN:
SF:/Users/nicholas_field/Documents/Web Development/mysite/views/helpers/categorycolor.js
FNF:0
FNH:0
DA:1,1
DA:2,11
DA:3,11
DA:4,2
DA:5,3
DA:6,1
DA:7,1
DA:8,1
DA:9,1
DA:10,1
DA:11,1
DA:13,11
LF:12
LH:12
BRDA:3,1,0,2
BRDA:3,1,1,3
BRDA:3,1,2,1
BRDA:3,1,3,1
BRDA:3,1,4,1
BRDA:3,1,5,1
BRDA:3,1,6,1
BRDA:3,1,7,1
BRF:8
BRH:8
end_of_record
TN:
SF:/Users/nicholas_field/Documents/Web Development/mysite/views/helpers/removemarked.js
FNF:0
FNH:0
DA:1,1
DA:2,3
LF:2
LH:2
BRF:0
BRH:0
end_of_record
TN:
SF:/Users/nicholas_field/Documents/Web Development/mysite/views/helpers/select.js
FNF:0
FNH:0
DA:1,1
DA:2,16
LF:2
LH:2
BRDA:2,1,0,1
BRDA:2,1,1,15
BRF:2
BRH:2
end_of_record
